<?xml version="1.0" encoding="UTF-8"?>
<!-- Generated by org.testng.reporters.JUnitXMLReporter -->
<testsuite hostname="Vista-Ultimate" name="Login Test" tests="2" failures="0" timestamp="18 Feb 2017 06:39:06 GMT" time="0.551" errors="0">
  <testcase name="doLogin" time="0.001" classname="com.qtpselenium.facebook.pom.testcases.LoginTest">
    <skipped/>
  </testcase> <!-- doLogin -->
  <testcase name="doLogin" time="0.0" classname="com.qtpselenium.facebook.pom.testcases.LoginTest">
    <skipped/>
  </testcase> <!-- doLogin -->
</testsuite> <!-- Login Test -->
